#
# There is insufficient memory for the Java Runtime Environment to continue.
# Native memory allocation (mmap) failed to map 130023424 bytes for Failed to commit area from 0x0000000084000000 to 0x000000008bc00000 of length 130023424.
# Possible reasons:
#   The system is out of physical RAM or swap space
#   The process is running with CompressedOops enabled, and the Java Heap may be blocking the growth of the native heap
# Possible solutions:
#   Reduce memory load on the system
#   Increase physical memory or swap space
#   Check if swap backing store is full
#   Decrease Java heap size (-Xmx/-Xms)
#   Decrease number of Java threads
#   Decrease Java thread stack sizes (-Xss)
#   Set larger code cache with -XX:ReservedCodeCacheSize=
# This output file may be truncated or incomplete.
#
#  Out of Memory Error (./open/src/hotspot/os/windows/os_windows.cpp:3276), pid=10468, tid=18252
#
# JRE version:  (11.0.13+10) (build )
# Java VM: Java HotSpot(TM) 64-Bit Server VM (11.0.13+10-LTS-370, mixed mode, sharing, tiered, compressed oops, g1 gc, windows-amd64)
# No core dump will be written. Minidumps are not enabled by default on client versions of Windows
#

---------------  S U M M A R Y ------------

Command Line: com.fpoly.JFrame

Host: 11th Gen Intel(R) Core(TM) i5-11400H @ 2.70GHz, 12 cores, 7G,  Windows 10 , 64 bit Build 19041 (10.0.19041.3155)
Time: Sat Jul 22 13:49:30 2023 SE Asia Standard Time elapsed time: 0.007908 seconds (0d 0h 0m 0s)

---------------  T H R E A D  ---------------

Current thread (0x000001d31e12b800):  JavaThread "Unknown thread" [_thread_in_vm, id=18252, stack(0x0000002847800000,0x0000002847900000)]

Stack: [0x0000002847800000,0x0000002847900000]
Native frames: (J=compiled Java code, j=interpreted, Vv=VM code, C=native code)
V  [jvm.dll+0x62870a]
V  [jvm.dll+0x761f2f]
V  [jvm.dll+0x7635d9]
V  [jvm.dll+0x763c63]
V  [jvm.dll+0x23d728]
V  [jvm.dll+0x625aba]
V  [jvm.dll+0x61a855]
V  [jvm.dll+0x2f242c]
V  [jvm.dll+0x2f22b2]
V  [jvm.dll+0x2f6fd6]
V  [jvm.dll+0x3395ff]
V  [jvm.dll+0x339030]
V  [jvm.dll+0x2cfa38]
V  [jvm.dll+0x2d0ba6]
V  [jvm.dll+0x73c547]
V  [jvm.dll+0x73dddf]
V  [jvm.dll+0x346369]
V  [jvm.dll+0x721e60]
V  [jvm.dll+0x3b500f]
V  [jvm.dll+0x3b7121]
C  [jli.dll+0x5207]
C  [ucrtbase.dll+0x21bb2]
C  [KERNEL32.DLL+0x17614]
C  [ntdll.dll+0x526b1]


---------------  P R O C E S S  ---------------

Threads class SMR info:
_java_thread_list=0x000001d31def92b0, length=0, elements={
}

Java Threads: ( => current thread )

Other Threads:
  0x000001d31e140000 GCTaskThread "GC Thread#0" [stack: 0x0000002847900000,0x0000002847a00000] [id=18256]
  0x000001d31e16f000 ConcurrentGCThread "G1 Main Marker" [stack: 0x0000002847a00000,0x0000002847b00000] [id=18260]
  0x000001d31e170000 ConcurrentGCThread "G1 Conc#0" [stack: 0x0000002847b00000,0x0000002847c00000] [id=18264]

[error occurred during error reporting (printing all threads), id 0xc0000005, EXCEPTION_ACCESS_VIOLATION (0xc0000005) at pc=0x00007ffed87cecc7]

VM state:not at safepoint (not fully initialized)

VM Mutex/Monitor currently owned by a thread:  ([mutex/lock_event])
[0x000001d31e127e70] Heap_lock - owner thread: 0x000001d31e12b800

Heap address: 0x0000000084000000, size: 1984 MB, Compressed Oops mode: Non-zero based: 0x0000000084000000
Narrow klass base: 0x0000000000000000, Narrow klass shift: 0

GC Heap History (0 events):
No events

Deoptimization events (0 events):
No events

Classes redefined (0 events):
No events

Internal exceptions (0 events):
No events

Events (0 events):
No events


Dynamic libraries:
0x00007ff744420000 - 0x00007ff74442f000 	C:\Program Files\Java\jdk-11.0.13\bin\java.exe
0x00007fff1da90000 - 0x00007fff1dc88000 	C:\Windows\SYSTEM32\ntdll.dll
0x00007fff1c580000 - 0x00007fff1c63f000 	C:\Windows\System32\KERNEL32.DLL
0x00007fff1b6a0000 - 0x00007fff1b996000 	C:\Windows\System32\KERNELBASE.dll
0x00007fff1b4f0000 - 0x00007fff1b5f0000 	C:\Windows\System32\ucrtbase.dll
0x00007ffeff440000 - 0x00007ffeff458000 	C:\Program Files\Java\jdk-11.0.13\bin\jli.dll
0x00007ffeeb900000 - 0x00007ffeeb915000 	C:\Program Files\Java\jdk-11.0.13\bin\VCRUNTIME140.dll
0x00007fff1cf90000 - 0x00007fff1d03f000 	C:\Windows\System32\ADVAPI32.dll
0x00007fff1d0b0000 - 0x00007fff1d14e000 	C:\Windows\System32\msvcrt.dll
0x00007fff1c640000 - 0x00007fff1c6dc000 	C:\Windows\System32\sechost.dll
0x00007fff1c8c0000 - 0x00007fff1c9e6000 	C:\Windows\System32\RPCRT4.dll
0x00007fff1ccd0000 - 0x00007fff1ce6d000 	C:\Windows\System32\USER32.dll
0x00007fff1b210000 - 0x00007fff1b232000 	C:\Windows\System32\win32u.dll
0x00007fff09a10000 - 0x00007fff09caa000 	C:\Windows\WinSxS\amd64_microsoft.windows.common-controls_6595b64144ccf1df_6.0.19041.1110_none_60b5254171f9507e\COMCTL32.dll
0x00007fff1baf0000 - 0x00007fff1bb1c000 	C:\Windows\System32\GDI32.dll
0x00007fff1b3a0000 - 0x00007fff1b4b5000 	C:\Windows\System32\gdi32full.dll
0x00007fff1b170000 - 0x00007fff1b20d000 	C:\Windows\System32\msvcp_win.dll
0x00007fff11a50000 - 0x00007fff11a5a000 	C:\Windows\SYSTEM32\VERSION.dll
0x00007fff1c6e0000 - 0x00007fff1c710000 	C:\Windows\System32\IMM32.DLL
0x00007ffee0240000 - 0x00007ffee02db000 	C:\Program Files\Java\jdk-11.0.13\bin\msvcp140.dll
0x00007ffed84f0000 - 0x00007ffed9003000 	C:\Program Files\Java\jdk-11.0.13\bin\server\jvm.dll
0x00007fff1d040000 - 0x00007fff1d048000 	C:\Windows\System32\PSAPI.DLL
0x00007fff0f4b0000 - 0x00007fff0f4d7000 	C:\Windows\SYSTEM32\WINMM.dll
0x00007fff14a30000 - 0x00007fff14a39000 	C:\Windows\SYSTEM32\WSOCK32.dll
0x00007fff1ca60000 - 0x00007fff1cacb000 	C:\Windows\System32\WS2_32.dll
0x00007fff199b0000 - 0x00007fff199c2000 	C:\Windows\SYSTEM32\kernel.appcore.dll
0x00007fff08cb0000 - 0x00007fff08cc0000 	C:\Program Files\Java\jdk-11.0.13\bin\verify.dll
0x00007fff18dc0000 - 0x00007fff18fa4000 	C:\Windows\SYSTEM32\DBGHELP.DLL
0x00007ffefd490000 - 0x00007ffefd4c4000 	C:\Windows\SYSTEM32\dbgcore.DLL
0x00007fff1ba60000 - 0x00007fff1bae2000 	C:\Windows\System32\bcryptPrimitives.dll
0x00007ffeeb8b0000 - 0x00007ffeeb8d8000 	C:\Program Files\Java\jdk-11.0.13\bin\java.dll
0x00007ffeff430000 - 0x00007ffeff43a000 	C:\Program Files\Java\jdk-11.0.13\bin\jimage.dll
0x00007ffeeb2b0000 - 0x00007ffeeb2c6000 	C:\Program Files\Java\jdk-11.0.13\bin\zip.dll

dbghelp: loaded successfully - version: 4.0.5 - missing functions: none
symbol engine: initialized successfully - sym options: 0x614 - pdb path: .;C:\Program Files\Java\jdk-11.0.13\bin;C:\Windows\SYSTEM32;C:\Windows\WinSxS\amd64_microsoft.windows.common-controls_6595b64144ccf1df_6.0.19041.1110_none_60b5254171f9507e;C:\Program Files\Java\jdk-11.0.13\bin\server

VM Arguments:
java_command: com.fpoly.JFrame
java_class_path (initial): D:\FPT Polytechnic\Summer23\Java6\PS16509_TranMauPhi_Team7_Lab4\RestAPI\target\classes;C:\Users\Admin\.m2\repository\com\fasterxml\jackson\core\jackson-databind\2.13.1\jackson-databind-2.13.1.jar;C:\Users\Admin\.m2\repository\com\fasterxml\jackson\core\jackson-core\2.13.1\jackson-core-2.13.1.jar;C:\Users\Admin\.m2\repository\com\fasterxml\jackson\core\jackson-annotations\2.13.1\jackson-annotations-2.13.1.jar;C:\Users\Admin\.m2\repository\com\fasterxml\jackson\datatype\jackson-datatype-jsr310\2.13.1\jackson-datatype-jsr310-2.13.1.jar
Launcher Type: SUN_STANDARD

[Global flags]
     intx CICompilerCount                          = 4                                         {product} {ergonomic}
     uint ConcGCThreads                            = 3                                         {product} {ergonomic}
     uint G1ConcRefinementThreads                  = 10                                        {product} {ergonomic}
   size_t G1HeapRegionSize                         = 1048576                                   {product} {ergonomic}
    uintx GCDrainStackTargetSize                   = 64                                        {product} {ergonomic}
   size_t InitialHeapSize                          = 130023424                                 {product} {ergonomic}
   size_t MarkStackSize                            = 4194304                                   {product} {ergonomic}
   size_t MaxHeapSize                              = 2080374784                                {product} {ergonomic}
   size_t MinHeapDeltaBytes                        = 1048576                                   {product} {ergonomic}
    uintx NonNMethodCodeHeapSize                   = 5836300                                {pd product} {ergonomic}
    uintx NonProfiledCodeHeapSize                  = 122910970                              {pd product} {ergonomic}
    uintx ProfiledCodeHeapSize                     = 122910970                              {pd product} {ergonomic}
    uintx ReservedCodeCacheSize                    = 251658240                              {pd product} {ergonomic}
     bool SegmentedCodeCache                       = true                                      {product} {ergonomic}
     bool UseCompressedClassPointers               = true                                 {lp64_product} {ergonomic}
     bool UseCompressedOops                        = true                                 {lp64_product} {ergonomic}
     bool UseG1GC                                  = true                                      {product} {ergonomic}
     bool UseLargePagesIndividualAllocation        = false                                  {pd product} {ergonomic}

Logging:
Log output configuration:
 #0: stdout all=warning uptime,level,tags
 #1: stderr all=off uptime,level,tags

Environment Variables:
JAVA_HOME=C:\Program Files\Java\jdk-11.0.13
CLASSPATH=%CLASSPATH%;%JUNIT_HOME%\junit-4.12.jar;.;;D:\junit-4.12.jar\junit-4.12.jar;.;;D:\junit-4.12.jar\junit-4.12.jar;.;
PATH=C:\Program Files (x86)\Common Files\Oracle\Java\javapath;C:\Program Files\Common Files\Oracle\Java\javapath;C:\Windows\system32;C:\Windows;C:\Windows\System32\Wbem;C:\Windows\System32\WindowsPowerShell\v1.0\;C:\Windows\System32\OpenSSH\;C:\Program Files (x86)\mingw-w64\i686-8.1.0-posix-dwarf-rt_v6-rev0\mingw32\bin;C:\Program Files\Microsoft SQL Server\150\Tools\Binn\;C:\User\Admin\Downloads\cmder2\bin;C:\Program Files\Git\cmd;C:\Program Files\Java\jdk-11.0.13\bin;C:\Program Files\nodejs\;C:\Program Files\Microsoft SQL Server\Client SDK\ODBC\170\Tools\Binn\;C:\Program Files (x86)\Microsoft SQL Server\150\Tools\Binn\;C:\Program Files\Microsoft SQL Server\150\DTS\Binn\;C:\Program Files (x86)\Microsoft SQL Server\150\DTS\Binn\;C:\Program Files\Azure Data Studio\bin;C:\Program Files\Java\jdk-18.0.1;C:\Program Files\dotnet\;C:\Program Files\Java\jdk-16.0.2;C:\Program Files\Java\jdk-11.0.13;C:\Program Files\MySQL\MySQL Shell 8.0\bin\;C:\Users\Admin\AppData\Local\Microsoft\WindowsApps;C:\Users\Admin\AppData\Local\GitHubDesktop\bin;C:\Users\Admin\AppData\Roaming\npm;C:\Program Files\Azure Data Studio\bin;C:\Program Files\JetBrains\IntelliJ IDEA 2021.1.3\bin;
USERNAME=Admin
OS=Windows_NT
PROCESSOR_IDENTIFIER=Intel64 Family 6 Model 141 Stepping 1, GenuineIntel



---------------  S Y S T E M  ---------------

OS: Windows 10 , 64 bit Build 19041 (10.0.19041.3155)

CPU:total 12 (initial active 12) (6 cores per cpu, 2 threads per core) family 6 model 141 stepping 1 microcode 0x34, cmov, cx8, fxsr, mmx, sse, sse2, sse3, ssse3, sse4.1, sse4.2, popcnt, avx, avx2, aes, clmul, erms, 3dnowpref, lzcnt, ht, tsc, tscinvbit, bmi1, bmi2, adx, evex, sha, fma

Memory: 4k page, system-wide physical 7930M (3653M free)
TotalPageFile size 15098M (AvailPageFile size 48M)
current process WorkingSet (physical memory assigned to process): 10M, peak: 10M
current process commit charge ("private bytes"): 64M, peak: 188M

vm_info: Java HotSpot(TM) 64-Bit Server VM (11.0.13+10-LTS-370) for windows-amd64 JRE (11.0.13+10-LTS-370), built on Sep 15 2021 22:10:36 by "mach5one" with MS VC++ 15.9 (VS2017)

END.
