#
# There is insufficient memory for the Java Runtime Environment to continue.
# Native memory allocation (malloc) failed to allocate 680736 bytes for Chunk::new
# Possible reasons:
#   The system is out of physical RAM or swap space
#   The process is running with CompressedOops enabled, and the Java Heap may be blocking the growth of the native heap
# Possible solutions:
#   Reduce memory load on the system
#   Increase physical memory or swap space
#   Check if swap backing store is full
#   Decrease Java heap size (-Xmx/-Xms)
#   Decrease number of Java threads
#   Decrease Java thread stack sizes (-Xss)
#   Set larger code cache with -XX:ReservedCodeCacheSize=
#   JVM is running with Unscaled Compressed Oops mode in which the Java heap is
#     placed in the first 4GB address space. The Java Heap base address is the
#     maximum limit for the native heap growth. Please use -XX:HeapBaseMinAddress
#     to set the Java Heap base and to place the Java Heap above 4GB virtual address.
# This output file may be truncated or incomplete.
#
#  Out of Memory Error (allocation.cpp:389), pid=2308, tid=0x00000000000043ac
#
# JRE version: Java(TM) SE Runtime Environment (8.0_221-b11) (build 1.8.0_221-b11)
# Java VM: Java HotSpot(TM) 64-Bit Server VM (25.221-b11 mixed mode windows-amd64 compressed oops)
# Failed to write core dump. Minidumps are not enabled by default on client versions of Windows
#

---------------  T H R E A D  ---------------

Current thread (0x00000000198e9800):  JavaThread "C2 CompilerThread1" daemon [_thread_in_native, id=17324, stack(0x000000001b030000,0x000000001b130000)]

Stack: [0x000000001b030000,0x000000001b130000]
[error occurred during error reporting (printing stack bounds), id 0xc0000005]

Native frames: (J=compiled Java code, j=interpreted, Vv=VM code, C=native code)


Current CompileTask:
C2:   2383 2727       4       org.springframework.core.ResolvableType::forType (115 bytes)


---------------  P R O C E S S  ---------------

Java Threads: ( => current thread )
  0x000000001cac1800 JavaThread "restartedMain" [_thread_in_native, id=18724, stack(0x000000001d8b0000,0x000000001d9b0000)]
  0x000000001cb79800 JavaThread "Thread-1" [_thread_blocked, id=18832, stack(0x000000001d7b0000,0x000000001d8b0000)]
  0x000000001bc76800 JavaThread "RMI TCP Accept-0" daemon [_thread_in_native, id=18768, stack(0x000000001c170000,0x000000001c270000)]
  0x000000001bb70800 JavaThread "RMI TCP Accept-52971" daemon [_thread_in_native, id=18744, stack(0x000000001c070000,0x000000001c170000)]
  0x000000001baa8000 JavaThread "RMI TCP Accept-0" daemon [_thread_in_native, id=18820, stack(0x000000001bf70000,0x000000001c070000)]
  0x0000000019980000 JavaThread "Service Thread" daemon [_thread_blocked, id=18928, stack(0x000000001b330000,0x000000001b430000)]
  0x00000000198fd800 JavaThread "C1 CompilerThread3" daemon [_thread_blocked, id=9512, stack(0x000000001b230000,0x000000001b330000)]
  0x00000000198fc000 JavaThread "C2 CompilerThread2" daemon [_thread_in_native, id=10844, stack(0x000000001b130000,0x000000001b230000)]
=>0x00000000198e9800 JavaThread "C2 CompilerThread1" daemon [_thread_in_native, id=17324, stack(0x000000001b030000,0x000000001b130000)]
  0x00000000198e6000 JavaThread "C2 CompilerThread0" daemon [_thread_in_native, id=17160, stack(0x000000001af30000,0x000000001b030000)]
  0x00000000198e5000 JavaThread "Attach Listener" daemon [_thread_blocked, id=16928, stack(0x000000001ae30000,0x000000001af30000)]
  0x00000000198e4000 JavaThread "Signal Dispatcher" daemon [_thread_blocked, id=16088, stack(0x000000001ad30000,0x000000001ae30000)]
  0x0000000018214000 JavaThread "Finalizer" daemon [_thread_blocked, id=8352, stack(0x000000001ab30000,0x000000001ac30000)]
  0x00000000198d3000 JavaThread "Reference Handler" daemon [_thread_blocked, id=8712, stack(0x000000001aa30000,0x000000001ab30000)]
  0x00000000030f6800 JavaThread "main" [_thread_blocked, id=9620, stack(0x0000000002ff0000,0x00000000030f0000)]

Other Threads:
  0x00000000031ee800 VMThread [stack: 0x000000001a930000,0x000000001aa30000] [id=4440]
  0x000000001bc77800 WatcherThread [stack: 0x000000001c270000,0x000000001c370000] [id=18312]

VM state:not at safepoint (normal execution)

VM Mutex/Monitor currently owned by a thread: None

heap address: 0x0000000084000000, size: 1984 MB, Compressed Oops mode: 32-bit
Narrow klass base: 0x0000000000000000, Narrow klass shift: 3
Compressed class space size: 1073741824 Address: 0x0000000100000000

Heap:
 PSYoungGen      total 132096K, used 23370K [0x00000000d6b00000, 0x00000000e5380000, 0x0000000100000000)
  eden space 126976K, 14% used [0x00000000d6b00000,0x00000000d7cd6fd8,0x00000000de700000)
  from space 5120K, 99% used [0x00000000de700000,0x00000000debfb9a0,0x00000000dec00000)
  to   space 11264K, 0% used [0x00000000e4880000,0x00000000e4880000,0x00000000e5380000)
 ParOldGen       total 52224K, used 9896K [0x0000000084000000, 0x0000000087300000, 0x00000000d6b00000)
  object space 52224K, 18% used [0x0000000084000000,0x00000000849aa368,0x0000000087300000)
 Metaspace       used 26080K, capacity 27426K, committed 27520K, reserved 1073152K
  class space    used 3330K, capacity 3635K, committed 3712K, reserved 1048576K

Card table byte_map: [0x00000000125b0000,0x00000000129a0000] byte_map_base: 0x0000000012190000

Marking Bits: (ParMarkBitMap*) 0x0000000051695ce0
 Begin Bits: [0x0000000013640000, 0x0000000015540000)
 End Bits:   [0x0000000015540000, 0x0000000017440000)

Polling page: 0x0000000000df0000

CodeCache: size=245760Kb used=8928Kb max_used=8928Kb free=236831Kb
 bounds [0x00000000031f0000, 0x0000000003ab0000, 0x00000000121f0000]
 total_blobs=3131 nmethods=2739 adapters=304
 compilation: enabled

Compilation events (10 events):
Event: 2.365 Thread 0x00000000198fd800 2738       3       org.springframework.util.Assert::isTrue (17 bytes)
Event: 2.365 Thread 0x00000000198fd800 nmethod 2738 0x0000000003a97fd0 code [0x0000000003a98160, 0x0000000003a985f8]
Event: 2.367 Thread 0x00000000198fd800 2740       3       org.springframework.core.annotation.AnnotationTypeMapping::areEquivalent (87 bytes)
Event: 2.368 Thread 0x00000000198fd800 nmethod 2740 0x0000000003aa6210 code [0x0000000003aa6440, 0x0000000003aa73e8]
Event: 2.373 Thread 0x00000000198fd800 2741       3       org.springframework.beans.factory.support.AbstractAutowireCapableBeanFactory::getTypeForFactoryBean (323 bytes)
Event: 2.376 Thread 0x00000000198fd800 nmethod 2741 0x0000000003aa7690 code [0x0000000003aa7ba0, 0x0000000003aab738]
Event: 2.376 Thread 0x00000000198fd800 2742       3       org.springframework.beans.factory.support.AbstractBeanFactory::getTypeForFactoryBeanFromAttributes (41 bytes)
Event: 2.377 Thread 0x00000000198fd800 nmethod 2742 0x0000000003aad090 code [0x0000000003aad240, 0x0000000003aad998]
Event: 2.377 Thread 0x00000000198fd800 2743       1       sun.reflect.ClassFileAssembler::getStack (5 bytes)
Event: 2.377 Thread 0x00000000198fd800 nmethod 2743 0x0000000003a97d10 code [0x0000000003a97e60, 0x0000000003a97f70]

GC Heap History (10 events):
Event: 0.728 GC heap before
{Heap before GC invocations=2 (full 0):
 PSYoungGen      total 36864K, used 36398K [0x00000000d6b00000, 0x00000000db300000, 0x0000000100000000)
  eden space 31744K, 99% used [0x00000000d6b00000,0x00000000d89f84f8,0x00000000d8a00000)
  from space 5120K, 91% used [0x00000000d8a00000,0x00000000d8e933d8,0x00000000d8f00000)
  to   space 5120K, 0% used [0x00000000dae00000,0x00000000dae00000,0x00000000db300000)
 ParOldGen       total 84992K, used 16K [0x0000000084000000, 0x0000000089300000, 0x00000000d6b00000)
  object space 84992K, 0% used [0x0000000084000000,0x0000000084004000,0x0000000089300000)
 Metaspace       used 11097K, capacity 11366K, committed 11392K, reserved 1058816K
  class space    used 1304K, capacity 1387K, committed 1408K, reserved 1048576K
Event: 0.731 GC heap after
Heap after GC invocations=2 (full 0):
 PSYoungGen      total 68608K, used 2780K [0x00000000d6b00000, 0x00000000db300000, 0x0000000100000000)
  eden space 63488K, 0% used [0x00000000d6b00000,0x00000000d6b00000,0x00000000da900000)
  from space 5120K, 54% used [0x00000000dae00000,0x00000000db0b7340,0x00000000db300000)
  to   space 5120K, 0% used [0x00000000da900000,0x00000000da900000,0x00000000dae00000)
 ParOldGen       total 84992K, used 24K [0x0000000084000000, 0x0000000089300000, 0x00000000d6b00000)
  object space 84992K, 0% used [0x0000000084000000,0x0000000084006000,0x0000000089300000)
 Metaspace       used 11097K, capacity 11366K, committed 11392K, reserved 1058816K
  class space    used 1304K, capacity 1387K, committed 1408K, reserved 1048576K
}
Event: 1.135 GC heap before
{Heap before GC invocations=3 (full 0):
 PSYoungGen      total 68608K, used 66268K [0x00000000d6b00000, 0x00000000db300000, 0x0000000100000000)
  eden space 63488K, 100% used [0x00000000d6b00000,0x00000000da900000,0x00000000da900000)
  from space 5120K, 54% used [0x00000000dae00000,0x00000000db0b7340,0x00000000db300000)
  to   space 5120K, 0% used [0x00000000da900000,0x00000000da900000,0x00000000dae00000)
 ParOldGen       total 84992K, used 24K [0x0000000084000000, 0x0000000089300000, 0x00000000d6b00000)
  object space 84992K, 0% used [0x0000000084000000,0x0000000084006000,0x0000000089300000)
 Metaspace       used 17452K, capacity 18090K, committed 18304K, reserved 1064960K
  class space    used 2160K, capacity 2316K, committed 2432K, reserved 1048576K
Event: 1.145 GC heap after
Heap after GC invocations=3 (full 0):
 PSYoungGen      total 68608K, used 5105K [0x00000000d6b00000, 0x00000000df100000, 0x0000000100000000)
  eden space 63488K, 0% used [0x00000000d6b00000,0x00000000d6b00000,0x00000000da900000)
  from space 5120K, 99% used [0x00000000da900000,0x00000000dadfc458,0x00000000dae00000)
  to   space 5120K, 0% used [0x00000000dec00000,0x00000000dec00000,0x00000000df100000)
 ParOldGen       total 84992K, used 4698K [0x0000000084000000, 0x0000000089300000, 0x00000000d6b00000)
  object space 84992K, 5% used [0x0000000084000000,0x0000000084496ab8,0x0000000089300000)
 Metaspace       used 17452K, capacity 18090K, committed 18304K, reserved 1064960K
  class space    used 2160K, capacity 2316K, committed 2432K, reserved 1048576K
}
Event: 1.249 GC heap before
{Heap before GC invocations=4 (full 0):
 PSYoungGen      total 68608K, used 31606K [0x00000000d6b00000, 0x00000000df100000, 0x0000000100000000)
  eden space 63488K, 41% used [0x00000000d6b00000,0x00000000d84e15e0,0x00000000da900000)
  from space 5120K, 99% used [0x00000000da900000,0x00000000dadfc458,0x00000000dae00000)
  to   space 5120K, 0% used [0x00000000dec00000,0x00000000dec00000,0x00000000df100000)
 ParOldGen       total 84992K, used 4698K [0x0000000084000000, 0x0000000089300000, 0x00000000d6b00000)
  object space 84992K, 5% used [0x0000000084000000,0x0000000084496ab8,0x0000000089300000)
 Metaspace       used 20447K, capacity 21166K, committed 21248K, reserved 1067008K
  class space    used 2572K, capacity 2758K, committed 2816K, reserved 1048576K
Event: 1.258 GC heap after
Heap after GC invocations=4 (full 0):
 PSYoungGen      total 132096K, used 5117K [0x00000000d6b00000, 0x00000000df100000, 0x0000000100000000)
  eden space 126976K, 0% used [0x00000000d6b00000,0x00000000d6b00000,0x00000000de700000)
  from space 5120K, 99% used [0x00000000dec00000,0x00000000df0ff4b0,0x00000000df100000)
  to   space 5120K, 0% used [0x00000000de700000,0x00000000de700000,0x00000000dec00000)
 ParOldGen       total 84992K, used 6982K [0x0000000084000000, 0x0000000089300000, 0x00000000d6b00000)
  object space 84992K, 8% used [0x0000000084000000,0x00000000846d1840,0x0000000089300000)
 Metaspace       used 20447K, capacity 21166K, committed 21248K, reserved 1067008K
  class space    used 2572K, capacity 2758K, committed 2816K, reserved 1048576K
}
Event: 1.258 GC heap before
{Heap before GC invocations=5 (full 1):
 PSYoungGen      total 132096K, used 5117K [0x00000000d6b00000, 0x00000000df100000, 0x0000000100000000)
  eden space 126976K, 0% used [0x00000000d6b00000,0x00000000d6b00000,0x00000000de700000)
  from space 5120K, 99% used [0x00000000dec00000,0x00000000df0ff4b0,0x00000000df100000)
  to   space 5120K, 0% used [0x00000000de700000,0x00000000de700000,0x00000000dec00000)
 ParOldGen       total 84992K, used 6982K [0x0000000084000000, 0x0000000089300000, 0x00000000d6b00000)
  object space 84992K, 8% used [0x0000000084000000,0x00000000846d1840,0x0000000089300000)
 Metaspace       used 20447K, capacity 21166K, committed 21248K, reserved 1067008K
  class space    used 2572K, capacity 2758K, committed 2816K, reserved 1048576K
Event: 1.288 GC heap after
Heap after GC invocations=5 (full 1):
 PSYoungGen      total 132096K, used 0K [0x00000000d6b00000, 0x00000000df100000, 0x0000000100000000)
  eden space 126976K, 0% used [0x00000000d6b00000,0x00000000d6b00000,0x00000000de700000)
  from space 5120K, 0% used [0x00000000dec00000,0x00000000dec00000,0x00000000df100000)
  to   space 5120K, 0% used [0x00000000de700000,0x00000000de700000,0x00000000dec00000)
 ParOldGen       total 52224K, used 7104K [0x0000000084000000, 0x0000000087300000, 0x00000000d6b00000)
  object space 52224K, 13% used [0x0000000084000000,0x00000000846f0108,0x0000000087300000)
 Metaspace       used 20447K, capacity 21166K, committed 21248K, reserved 1067008K
  class space    used 2572K, capacity 2758K, committed 2816K, reserved 1048576K
}
Event: 2.077 GC heap before
{Heap before GC invocations=6 (full 1):
 PSYoungGen      total 132096K, used 126976K [0x00000000d6b00000, 0x00000000df100000, 0x0000000100000000)
  eden space 126976K, 100% used [0x00000000d6b00000,0x00000000de700000,0x00000000de700000)
  from space 5120K, 0% used [0x00000000dec00000,0x00000000dec00000,0x00000000df100000)
  to   space 5120K, 0% used [0x00000000de700000,0x00000000de700000,0x00000000dec00000)
 ParOldGen       total 52224K, used 7104K [0x0000000084000000, 0x0000000087300000, 0x00000000d6b00000)
  object space 52224K, 13% used [0x0000000084000000,0x00000000846f0108,0x0000000087300000)
 Metaspace       used 24910K, capacity 26014K, committed 26240K, reserved 1073152K
  class space    used 3153K, capacity 3403K, committed 3456K, reserved 1048576K
Event: 2.088 GC heap after
Heap after GC invocations=6 (full 1):
 PSYoungGen      total 132096K, used 5102K [0x00000000d6b00000, 0x00000000e5380000, 0x0000000100000000)
  eden space 126976K, 0% used [0x00000000d6b00000,0x00000000d6b00000,0x00000000de700000)
  from space 5120K, 99% used [0x00000000de700000,0x00000000debfb9a0,0x00000000dec00000)
  to   space 11264K, 0% used [0x00000000e4880000,0x00000000e4880000,0x00000000e5380000)
 ParOldGen       total 52224K, used 9896K [0x0000000084000000, 0x0000000087300000, 0x00000000d6b00000)
  object space 52224K, 18% used [0x0000000084000000,0x00000000849aa368,0x0000000087300000)
 Metaspace       used 24910K, capacity 26014K, committed 26240K, reserved 1073152K
  class space    used 3153K, capacity 3403K, committed 3456K, reserved 1048576K
}

Deoptimization events (10 events):
Event: 2.173 Thread 0x000000001cac1800 Uncommon trap: reason=class_check action=maybe_recompile pc=0x00000000038a0408 method=org.springframework.util.ConcurrentReferenceHashMap$Segment.findInChain(Lorg/springframework/util/ConcurrentReferenceHashMap$Reference;Ljava/lang/Object;I)Lorg/springfra
Event: 2.173 Thread 0x000000001cac1800 Uncommon trap: reason=class_check action=maybe_recompile pc=0x0000000003a12ff0 method=org.springframework.core.ResolvableType.resolveType()Lorg/springframework/core/ResolvableType; @ 117
Event: 2.177 Thread 0x000000001cac1800 Uncommon trap: reason=class_check action=maybe_recompile pc=0x00000000038a0408 method=org.springframework.util.ConcurrentReferenceHashMap$Segment.findInChain(Lorg/springframework/util/ConcurrentReferenceHashMap$Reference;Ljava/lang/Object;I)Lorg/springfra
Event: 2.178 Thread 0x000000001cac1800 Uncommon trap: reason=class_check action=maybe_recompile pc=0x0000000003a12ff0 method=org.springframework.core.ResolvableType.resolveType()Lorg/springframework/core/ResolvableType; @ 117
Event: 2.181 Thread 0x000000001cac1800 Uncommon trap: reason=class_check action=maybe_recompile pc=0x00000000038a2c9c method=org.springframework.util.ConcurrentReferenceHashMap$Segment.findInChain(Lorg/springframework/util/ConcurrentReferenceHashMap$Reference;Ljava/lang/Object;I)Lorg/springfra
Event: 2.183 Thread 0x000000001cac1800 Uncommon trap: reason=class_check action=maybe_recompile pc=0x0000000003871f4c method=org.springframework.util.ConcurrentReferenceHashMap$Segment.findInChain(Lorg/springframework/util/ConcurrentReferenceHashMap$Reference;Ljava/lang/Object;I)Lorg/springfra
Event: 2.257 Thread 0x000000001cac1800 Uncommon trap: reason=class_check action=maybe_recompile pc=0x0000000003a3c79c method=org.springframework.util.ConcurrentReferenceHashMap$Segment.findInChain(Lorg/springframework/util/ConcurrentReferenceHashMap$Reference;Ljava/lang/Object;I)Lorg/springfra
Event: 2.258 Thread 0x000000001cac1800 Uncommon trap: reason=class_check action=maybe_recompile pc=0x0000000003a3c79c method=org.springframework.util.ConcurrentReferenceHashMap$Segment.findInChain(Lorg/springframework/util/ConcurrentReferenceHashMap$Reference;Ljava/lang/Object;I)Lorg/springfra
Event: 2.311 Thread 0x000000001cac1800 Uncommon trap: reason=unstable_if action=reinterpret pc=0x0000000003a4750c method=org.springframework.core.ResolvableType.resolveType()Lorg/springframework/core/ResolvableType; @ 124
Event: 2.342 Thread 0x000000001cac1800 Uncommon trap: reason=unstable_if action=reinterpret pc=0x0000000003a1aa58 method=org.springframework.core.ResolvableType$1.isAssignableFrom(Ljava/lang/Class;)Z @ 15

Classes redefined (0 events):
No events

Internal exceptions (10 events):
Event: 1.299 Thread 0x000000001cac1800 Exception <a 'java/lang/ClassNotFoundException': org/springframework/beans/factory/AwareCustomizer> (0x00000000d6cc09f8) thrown at [C:\re\workspace\8-2-build-windows-amd64-cygwin\jdk8u221\13320\hotspot\src\share\vm\classfile\systemDictionary.cpp, line 210
Event: 1.299 Thread 0x000000001cac1800 Exception <a 'java/lang/ClassNotFoundException': org/springframework/context/EnvironmentAwareCustomizer> (0x00000000d6cd58f0) thrown at [C:\re\workspace\8-2-build-windows-amd64-cygwin\jdk8u221\13320\hotspot\src\share\vm\classfile\systemDictionary.cpp, lin
Event: 1.299 Thread 0x000000001cac1800 Exception <a 'java/lang/ClassNotFoundException': org/springframework/beans/factory/AwareCustomizer> (0x00000000d6cea3d0) thrown at [C:\re\workspace\8-2-build-windows-amd64-cygwin\jdk8u221\13320\hotspot\src\share\vm\classfile\systemDictionary.cpp, line 210
Event: 1.314 Thread 0x000000001d343800 Exception <a 'java/lang/IncompatibleClassChangeError': Found class java.lang.Object, but interface was expected> (0x00000000d6ef5208) thrown at [C:\re\workspace\8-2-build-windows-amd64-cygwin\jdk8u221\13320\hotspot\src\share\vm\interpreter\linkResolver.cp
Event: 1.495 Thread 0x000000001cac1800 Exception <a 'java/lang/NoSuchMethodError': java.lang.Object.lambda$or$2(Ljava/util/function/Predicate;Ljava/lang/Object;)Z> (0x00000000d7b4e6a0) thrown at [C:\re\workspace\8-2-build-windows-amd64-cygwin\jdk8u221\13320\hotspot\src\share\vm\interpreter\lin
Event: 1.599 Thread 0x000000001cac1800 Exception <a 'java/lang/IncompatibleClassChangeError': Found class java.lang.Object, but interface was expected> (0x00000000dab5be30) thrown at [C:\re\workspace\8-2-build-windows-amd64-cygwin\jdk8u221\13320\hotspot\src\share\vm\interpreter\linkResolver.cp
Event: 1.634 Thread 0x000000001cac1800 Exception <a 'java/lang/NoSuchMethodError': java.lang.Object.lambda$getAllAnnotationAttributes$0(Lorg/springframework/util/MultiValueMap;)Lorg/springframework/util/MultiValueMap;> (0x00000000dad89e28) thrown at [C:\re\workspace\8-2-build-windows-amd64-cyg
Event: 1.635 Thread 0x000000001cac1800 Exception <a 'java/lang/NoSuchMethodError': java.lang.Object.lambda$identity$2(Ljava/lang/Object;)Ljava/lang/Object;> (0x00000000dad9f980) thrown at [C:\re\workspace\8-2-build-windows-amd64-cygwin\jdk8u221\13320\hotspot\src\share\vm\interpreter\linkResolv
Event: 2.231 Thread 0x000000001cac1800 Exception <a 'java/lang/NoSuchMethodError': java.lang.Object.lambda$getRequiredAttribute$0(Ljava/lang/String;)Ljava/lang/IllegalArgumentException;> (0x00000000d72d8190) thrown at [C:\re\workspace\8-2-build-windows-amd64-cygwin\jdk8u221\13320\hotspot\src\s
Event: 2.278 Thread 0x000000001cac1800 Exception <a 'java/lang/NoSuchMethodError': java.lang.Object.lambda$and$5([Ljava/lang/Object;)Ljava/util/stream/Stream;> (0x00000000d7635270) thrown at [C:\re\workspace\8-2-build-windows-amd64-cygwin\jdk8u221\13320\hotspot\src\share\vm\interpreter\linkRes

Events (10 events):
Event: 2.373 loading class org/springframework/boot/autoconfigure/sql/init/SqlInitializationProperties
Event: 2.374 loading class org/springframework/boot/autoconfigure/sql/init/SqlInitializationProperties done
Event: 2.375 loading class org/springframework/boot/autoconfigure/sql/init/R2dbcInitializationConfiguration
Event: 2.375 loading class org/springframework/boot/autoconfigure/sql/init/R2dbcInitializationConfiguration done
Event: 2.375 loading class org/springframework/boot/autoconfigure/sql/init/DataSourceInitializationConfiguration
Event: 2.375 loading class org/springframework/boot/autoconfigure/sql/init/DataSourceInitializationConfiguration done
Event: 2.378 loading class org/springframework/boot/autoconfigure/task/TaskSchedulingProperties
Event: 2.378 loading class org/springframework/boot/autoconfigure/task/TaskSchedulingProperties done
Event: 2.379 loading class org/springframework/boot/task/TaskSchedulerBuilder
Event: 2.379 loading class org/springframework/boot/task/TaskSchedulerBuilder done


Dynamic libraries:
0x00007ff652f40000 - 0x00007ff652f77000 	C:\Program Files\Java\jdk1.8.0_221\bin\java.exe
0x00007ff8ddc90000 - 0x00007ff8dde88000 	C:\Windows\SYSTEM32\ntdll.dll
0x00007ff8dc390000 - 0x00007ff8dc44f000 	C:\Windows\System32\KERNEL32.DLL
0x00007ff8db690000 - 0x00007ff8db986000 	C:\Windows\System32\KERNELBASE.dll
0x00007ff8dcba0000 - 0x00007ff8dcc4f000 	C:\Windows\System32\ADVAPI32.dll
0x00007ff8dd870000 - 0x00007ff8dd90e000 	C:\Windows\System32\msvcrt.dll
0x00007ff8ddb70000 - 0x00007ff8ddc0c000 	C:\Windows\System32\sechost.dll
0x00007ff8dd910000 - 0x00007ff8dda36000 	C:\Windows\System32\RPCRT4.dll
0x00007ff8dcd80000 - 0x00007ff8dcf1d000 	C:\Windows\System32\USER32.dll
0x00007ff8dbbd0000 - 0x00007ff8dbbf2000 	C:\Windows\System32\win32u.dll
0x00007ff8ddc20000 - 0x00007ff8ddc4c000 	C:\Windows\System32\GDI32.dll
0x00007ff8db370000 - 0x00007ff8db485000 	C:\Windows\System32\gdi32full.dll
0x00007ff8dbc50000 - 0x00007ff8dbced000 	C:\Windows\System32\msvcp_win.dll
0x00007ff8dbad0000 - 0x00007ff8dbbd0000 	C:\Windows\System32\ucrtbase.dll
0x00007ff8c3440000 - 0x00007ff8c36da000 	C:\Windows\WinSxS\amd64_microsoft.windows.common-controls_6595b64144ccf1df_6.0.19041.1110_none_60b5254171f9507e\COMCTL32.dll
0x00007ff8dbe90000 - 0x00007ff8dbec0000 	C:\Windows\System32\IMM32.DLL
0x0000000051720000 - 0x00000000517f2000 	C:\Program Files\Java\jdk1.8.0_221\jre\bin\msvcr100.dll
0x0000000050e70000 - 0x0000000051715000 	C:\Program Files\Java\jdk1.8.0_221\jre\bin\server\jvm.dll
0x00007ff8ddc10000 - 0x00007ff8ddc18000 	C:\Windows\System32\PSAPI.DLL
0x00007ff8d5b90000 - 0x00007ff8d5b99000 	C:\Windows\SYSTEM32\WSOCK32.dll
0x00007ff8d2170000 - 0x00007ff8d217a000 	C:\Windows\SYSTEM32\VERSION.dll
0x00007ff8c5450000 - 0x00007ff8c5477000 	C:\Windows\SYSTEM32\WINMM.dll
0x00007ff8dcd00000 - 0x00007ff8dcd6b000 	C:\Windows\System32\WS2_32.dll
0x00007ff8cdf10000 - 0x00007ff8cdf1f000 	C:\Program Files\Java\jdk1.8.0_221\jre\bin\verify.dll
0x00007ff8c0ed0000 - 0x00007ff8c0ef9000 	C:\Program Files\Java\jdk1.8.0_221\jre\bin\java.dll
0x00007ff8bf1b0000 - 0x00007ff8bf1c6000 	C:\Program Files\Java\jdk1.8.0_221\jre\bin\zip.dll
0x00007ff8dc450000 - 0x00007ff8dcb94000 	C:\Windows\System32\SHELL32.dll
0x00007ff8d93f0000 - 0x00007ff8d9b83000 	C:\Windows\SYSTEM32\windows.storage.dll
0x00007ff8dcf20000 - 0x00007ff8dd274000 	C:\Windows\System32\combase.dll
0x00007ff8dadb0000 - 0x00007ff8dadde000 	C:\Windows\SYSTEM32\Wldp.dll
0x00007ff8dbf40000 - 0x00007ff8dbfed000 	C:\Windows\System32\SHCORE.dll
0x00007ff8dd2e0000 - 0x00007ff8dd335000 	C:\Windows\System32\shlwapi.dll
0x00007ff8db2a0000 - 0x00007ff8db2c5000 	C:\Windows\SYSTEM32\profapi.dll
0x00007ff8c0e60000 - 0x00007ff8c0e6d000 	C:\Program Files\Java\jdk1.8.0_221\jre\bin\management.dll
0x00007ff8ace00000 - 0x00007ff8ace1a000 	C:\Program Files\Java\jdk1.8.0_221\jre\bin\net.dll
0x00007ff8c6130000 - 0x00007ff8c631d000 	C:\Windows\SYSTEM32\urlmon.dll
0x00007ff8c6b20000 - 0x00007ff8c6ddc000 	C:\Windows\SYSTEM32\iertutil.dll
0x00007ff8c6100000 - 0x00007ff8c6129000 	C:\Windows\SYSTEM32\srvcli.dll
0x00007ff8da8c0000 - 0x00007ff8da8cc000 	C:\Windows\SYSTEM32\netutils.dll
0x00007ff8dab10000 - 0x00007ff8dab7a000 	C:\Windows\system32\mswsock.dll
0x00007ff8acbb0000 - 0x00007ff8acbc2000 	C:\Program Files\Java\jdk1.8.0_221\jre\bin\nio.dll
0x00007ff8b2ec0000 - 0x00007ff8b2ed7000 	C:\Windows\system32\napinsp.dll
0x00007ff8b2470000 - 0x00007ff8b248b000 	C:\Windows\system32\pnrpnsp.dll
0x00007ff8b1300000 - 0x00007ff8b1315000 	C:\Windows\system32\wshbth.dll
0x00007ff8d5350000 - 0x00007ff8d536d000 	C:\Windows\system32\NLAapi.dll
0x00007ff8da7b0000 - 0x00007ff8da7eb000 	C:\Windows\SYSTEM32\IPHLPAPI.DLL
0x00007ff8da7f0000 - 0x00007ff8da8ba000 	C:\Windows\SYSTEM32\DNSAPI.dll
0x00007ff8dcd70000 - 0x00007ff8dcd78000 	C:\Windows\System32\NSI.dll
0x00007ff8b08e0000 - 0x00007ff8b08f2000 	C:\Windows\System32\winrnr.dll
0x00007ff8d29e0000 - 0x00007ff8d29ea000 	C:\Windows\System32\rasadhlp.dll
0x00007ff8d2640000 - 0x00007ff8d26c2000 	C:\Windows\System32\fwpuclnt.dll
0x00007ff8db490000 - 0x00007ff8db4b7000 	C:\Windows\System32\bcrypt.dll
0x00007ff8dad10000 - 0x00007ff8dad28000 	C:\Windows\SYSTEM32\CRYPTSP.dll
0x00007ff8da3b0000 - 0x00007ff8da3e4000 	C:\Windows\system32\rsaenh.dll
0x00007ff8db260000 - 0x00007ff8db28e000 	C:\Windows\SYSTEM32\USERENV.dll
0x00007ff8db990000 - 0x00007ff8dba12000 	C:\Windows\System32\bcryptprimitives.dll
0x00007ff8dad00000 - 0x00007ff8dad0c000 	C:\Windows\SYSTEM32\CRYPTBASE.dll
0x00007ff8d2d00000 - 0x00007ff8d2d17000 	C:\Windows\SYSTEM32\dhcpcsvc6.DLL
0x00007ff8d2c20000 - 0x00007ff8d2c3d000 	C:\Windows\SYSTEM32\dhcpcsvc.DLL

VM Arguments:
jvm_args: -Dcom.sun.management.jmxremote -Dcom.sun.management.jmxremote.port=52971 -Dcom.sun.management.jmxremote.authenticate=false -Dcom.sun.management.jmxremote.ssl=false -Djava.rmi.server.hostname=localhost -Dspring.application.admin.enabled=true -Dspring.jmx.enabled=true -Dfile.encoding=UTF-8 
java_command: com.ps20520.Ps20520NguyenthanhhaasmJav6Application
java_class_path (initial): D:\FPT Polytechnic\Summer23\Java6\PS20520_NGUYENTHANHHA_asm_java6\target\classes;C:\Users\Admin\.m2\repository\org\springframework\boot\spring-boot-starter-data-jdbc\2.7.14\spring-boot-starter-data-jdbc-2.7.14.jar;C:\Users\Admin\.m2\repository\org\springframework\boot\spring-boot-starter-jdbc\2.7.14\spring-boot-starter-jdbc-2.7.14.jar;C:\Users\Admin\.m2\repository\com\zaxxer\HikariCP\4.0.3\HikariCP-4.0.3.jar;C:\Users\Admin\.m2\repository\org\springframework\spring-jdbc\5.3.29\spring-jdbc-5.3.29.jar;C:\Users\Admin\.m2\repository\org\springframework\data\spring-data-jdbc\2.4.14\spring-data-jdbc-2.4.14.jar;C:\Users\Admin\.m2\repository\org\springframework\data\spring-data-relational\2.4.14\spring-data-relational-2.4.14.jar;C:\Users\Admin\.m2\repository\org\springframework\data\spring-data-commons\2.7.14\spring-data-commons-2.7.14.jar;C:\Users\Admin\.m2\repository\org\springframework\spring-tx\5.3.29\spring-tx-5.3.29.jar;C:\Users\Admin\.m2\repository\org\slf4j\slf4j-api\1.7.36\slf4j-api-1.7.36.jar;C:\Users\Admin\.m2\repository\org\springframework\boot\spring-boot-starter-data-jpa\2.7.14\spring-boot-starter-data-jpa-2.7.14.jar;C:\Users\Admin\.m2\repository\org\springframework\boot\spring-boot-starter-aop\2.7.14\spring-boot-starter-aop-2.7.14.jar;C:\Users\Admin\.m2\repository\org\aspectj\aspectjweaver\1.9.7\aspectjweaver-1.9.7.jar;C:\Users\Admin\.m2\repository\jakarta\transaction\jakarta.transaction-api\1.3.3\jakarta.transaction-api-1.3.3.jar;C:\Users\Admin\.m2\repository\jakarta\persistence\jakarta.persistence-api\2.2.3\jakarta.persistence-api-2.2.3.jar;C:\Users\Admin\.m2\repository\org\hibernate\hibernate-core\5.6.15.Final\hibernate-core-5.6.15.Final.jar;C:\Users\Admin\.m2\repository\org\jboss\logging\jboss-logging\3.4.3.Final\jboss-logging-3.4.3.Final.jar;C:\Users\Admin\.m2\repository\net\bytebuddy\byte-buddy\1.12.23\byte-buddy-1.12.23.jar;C:\Users\Admin\.m2\repository\antlr\antlr\2.7.7\antlr-2.7.7.jar;C:\Users\Admin\.m2\repository\org\jbos
Launcher Type: SUN_STANDARD

Environment Variables:
JAVA_HOME=C:\Program Files\Java\jdk1.8.0_221
CLASSPATH=%CLASSPATH%;%JUNIT_HOME%\junit-4.12.jar;.;;D:\junit-4.12.jar\junit-4.12.jar;.;;D:\junit-4.12.jar\junit-4.12.jar;.;
PATH=C:\Program Files (x86)\Common Files\Oracle\Java\javapath;C:\Program Files\Common Files\Oracle\Java\javapath;C:\Windows\system32;C:\Windows;C:\Windows\System32\Wbem;C:\Windows\System32\WindowsPowerShell\v1.0\;C:\Windows\System32\OpenSSH\;C:\Program Files (x86)\mingw-w64\i686-8.1.0-posix-dwarf-rt_v6-rev0\mingw32\bin;C:\Program Files\Microsoft SQL Server\150\Tools\Binn\;C:\User\Admin\Downloads\cmder2\bin;C:\Program Files\Git\cmd;C:\Program Files\Java\jdk-11.0.13\bin;C:\Program Files\nodejs\;C:\Program Files\Microsoft SQL Server\Client SDK\ODBC\170\Tools\Binn\;C:\Program Files (x86)\Microsoft SQL Server\150\Tools\Binn\;C:\Program Files\Microsoft SQL Server\150\DTS\Binn\;C:\Program Files (x86)\Microsoft SQL Server\150\DTS\Binn\;C:\Program Files\Azure Data Studio\bin;C:\Program Files\Java\jdk-18.0.1;C:\Program Files\dotnet\;C:\Program Files\Java\jdk-16.0.2;C:\Program Files\Java\jdk-11.0.13;C:\Program Files\MySQL\MySQL Shell 8.0\bin\;C:\Users\Admin\AppData\Local\Microsoft\WindowsApps;C:\Users\Admin\AppData\Local\GitHubDesktop\bin;C:\Users\Admin\AppData\Roaming\npm;C:\Program Files\Azure Data Studio\bin;C:\Program Files\JetBrains\IntelliJ IDEA 2021.1.3\bin;
USERNAME=Admin
OS=Windows_NT
PROCESSOR_IDENTIFIER=Intel64 Family 6 Model 141 Stepping 1, GenuineIntel



---------------  S Y S T E M  ---------------

OS: Windows 10.0 , 64 bit Build 19041 (10.0.19041.3155)

CPU:total 12 (initial active 12) (6 cores per cpu, 2 threads per core) family 6 model 141 stepping 1, cmov, cx8, fxsr, mmx, sse, sse2, sse3, ssse3, sse4.1, sse4.2, popcnt, avx, avx2, aes, clmul, erms, 3dnowpref, lzcnt, ht, tsc, tscinvbit, bmi1, bmi2, adx

Memory: 4k page, physical 8121180k(1791524k free), swap 15461212k(4140k free)

vm_info: Java HotSpot(TM) 64-Bit Server VM (25.221-b11) for windows-amd64 JRE (1.8.0_221-b11), built on Jul  4 2019 04:39:29 by "java_re" with MS VC++ 10.0 (VS2010)

time: Mon Aug 14 01:37:25 2023
timezone: SE Asia Standard Time
elapsed time: 2 seconds (0d 0h 0m 2s)

