#
# There is insufficient memory for the Java Runtime Environment to continue.
# Native memory allocation (malloc) failed to allocate 1089936 bytes for Chunk::new
# Possible reasons:
#   The system is out of physical RAM or swap space
#   The process is running with CompressedOops enabled, and the Java Heap may be blocking the growth of the native heap
# Possible solutions:
#   Reduce memory load on the system
#   Increase physical memory or swap space
#   Check if swap backing store is full
#   Decrease Java heap size (-Xmx/-Xms)
#   Decrease number of Java threads
#   Decrease Java thread stack sizes (-Xss)
#   Set larger code cache with -XX:ReservedCodeCacheSize=
#   JVM is running with Unscaled Compressed Oops mode in which the Java heap is
#     placed in the first 4GB address space. The Java Heap base address is the
#     maximum limit for the native heap growth. Please use -XX:HeapBaseMinAddress
#     to set the Java Heap base and to place the Java Heap above 4GB virtual address.
# This output file may be truncated or incomplete.
#
#  Out of Memory Error (allocation.cpp:389), pid=18408, tid=0x000000000000243c
#
# JRE version: Java(TM) SE Runtime Environment (8.0_221-b11) (build 1.8.0_221-b11)
# Java VM: Java HotSpot(TM) 64-Bit Server VM (25.221-b11 mixed mode windows-amd64 compressed oops)
# Failed to write core dump. Minidumps are not enabled by default on client versions of Windows
#

---------------  T H R E A D  ---------------

Current thread (0x0000000019c06000):  JavaThread "C2 CompilerThread2" daemon [_thread_in_native, id=9276, stack(0x000000001b9e0000,0x000000001bae0000)]

Stack: [0x000000001b9e0000,0x000000001bae0000]
[error occurred during error reporting (printing stack bounds), id 0xc0000005]

Native frames: (J=compiled Java code, j=interpreted, Vv=VM code, C=native code)


Current CompileTask:
C2:  26469 5592 % !   4       org.springframework.beans.factory.support.DefaultListableBeanFactory::doGetBeanNamesForType @ 20 (528 bytes)


---------------  P R O C E S S  ---------------

Java Threads: ( => current thread )
  0x0000000022745800 JavaThread "DestroyJavaVM" [_thread_blocked, id=9012, stack(0x0000000002d90000,0x0000000002e90000)]
  0x0000000022740000 JavaThread "http-nio-8080-Acceptor" daemon [_thread_in_native, id=11660, stack(0x00000000269b0000,0x0000000026ab0000)]
  0x0000000022745000 JavaThread "http-nio-8080-Poller" daemon [_thread_in_native, id=14744, stack(0x00000000268b0000,0x00000000269b0000)]
  0x000000002273e800 JavaThread "http-nio-8080-exec-10" daemon [_thread_blocked, id=15308, stack(0x00000000265b0000,0x00000000266b0000)]
  0x0000000022744000 JavaThread "http-nio-8080-exec-9" daemon [_thread_blocked, id=8364, stack(0x00000000264b0000,0x00000000265b0000)]
  0x0000000022743000 JavaThread "http-nio-8080-exec-8" daemon [_thread_blocked, id=15732, stack(0x00000000263b0000,0x00000000264b0000)]
  0x0000000022742800 JavaThread "http-nio-8080-exec-7" daemon [_thread_blocked, id=14848, stack(0x00000000262b0000,0x00000000263b0000)]
  0x0000000022741800 JavaThread "http-nio-8080-exec-6" daemon [_thread_blocked, id=8608, stack(0x00000000261b0000,0x00000000262b0000)]
  0x000000002273f800 JavaThread "http-nio-8080-exec-5" daemon [_thread_blocked, id=16076, stack(0x00000000260b0000,0x00000000261b0000)]
  0x000000001f4e9000 JavaThread "http-nio-8080-exec-4" daemon [_thread_blocked, id=14776, stack(0x0000000025fb0000,0x00000000260b0000)]
  0x000000001f4e9800 JavaThread "http-nio-8080-exec-3" daemon [_thread_blocked, id=17436, stack(0x0000000025eb0000,0x0000000025fb0000)]
  0x000000001f4e8000 JavaThread "http-nio-8080-exec-2" daemon [_thread_blocked, id=13852, stack(0x0000000025ca0000,0x0000000025da0000)]
  0x000000001f4ec800 JavaThread "http-nio-8080-exec-1" daemon [_thread_in_native, id=17996, stack(0x0000000024a50000,0x0000000024b50000)]
  0x000000001f4ec000 JavaThread "Live Reload Server" daemon [_thread_in_native, id=18236, stack(0x0000000025db0000,0x0000000025eb0000)]
  0x000000001f4ef000 JavaThread "File Watcher" daemon [_thread_blocked, id=13664, stack(0x0000000025ba0000,0x0000000025ca0000)]
  0x000000001f4ea800 JavaThread "HikariPool-1 housekeeper" daemon [_thread_blocked, id=9800, stack(0x0000000023850000,0x0000000023950000)]
  0x000000001f4ee000 JavaThread "mssql-jdbc-shared-timer-core-0" daemon [_thread_blocked, id=10436, stack(0x0000000023750000,0x0000000023850000)]
  0x0000000020f22800 JavaThread "container-0" [_thread_blocked, id=16832, stack(0x0000000021c20000,0x0000000021d20000)]
  0x000000001e5c5800 JavaThread "Catalina-utility-2" [_thread_blocked, id=1612, stack(0x000000001dd30000,0x000000001de30000)]
  0x000000002141b800 JavaThread "Catalina-utility-1" [_thread_blocked, id=11700, stack(0x000000001d830000,0x000000001d930000)]
  0x000000001b00b000 JavaThread "Service Thread" daemon [_thread_blocked, id=14792, stack(0x000000001bbe0000,0x000000001bce0000)]
  0x0000000019c07000 JavaThread "C1 CompilerThread3" daemon [_thread_blocked, id=9732, stack(0x000000001bae0000,0x000000001bbe0000)]
=>0x0000000019c06000 JavaThread "C2 CompilerThread2" daemon [_thread_in_native, id=9276, stack(0x000000001b9e0000,0x000000001bae0000)]
  0x000000001af7b800 JavaThread "C2 CompilerThread1" daemon [_thread_blocked, id=10844, stack(0x000000001b8e0000,0x000000001b9e0000)]
  0x000000001af12800 JavaThread "C2 CompilerThread0" daemon [_thread_blocked, id=7932, stack(0x000000001b7e0000,0x000000001b8e0000)]
  0x000000001af30000 JavaThread "Monitor Ctrl-Break" daemon [_thread_in_native, id=2632, stack(0x000000001b6e0000,0x000000001b7e0000)]
  0x000000001988f800 JavaThread "Attach Listener" daemon [_thread_blocked, id=11688, stack(0x000000001ade0000,0x000000001aee0000)]
  0x000000001988d000 JavaThread "Signal Dispatcher" daemon [_thread_blocked, id=14932, stack(0x000000001ace0000,0x000000001ade0000)]
  0x00000000181b5800 JavaThread "Finalizer" daemon [_thread_blocked, id=9976, stack(0x000000001aae0000,0x000000001abe0000)]
  0x0000000019873000 JavaThread "Reference Handler" daemon [_thread_blocked, id=14980, stack(0x000000001a9e0000,0x000000001aae0000)]

Other Threads:
  0x000000000318d000 VMThread [stack: 0x000000001a8e0000,0x000000001a9e0000] [id=16736]
  0x000000001b08d000 WatcherThread [stack: 0x000000001bce0000,0x000000001bde0000] [id=16732]

VM state:not at safepoint (normal execution)

VM Mutex/Monitor currently owned by a thread: None

heap address: 0x0000000084000000, size: 1984 MB, Compressed Oops mode: 32-bit
Narrow klass base: 0x0000000000000000, Narrow klass shift: 3
Compressed class space size: 1073741824 Address: 0x0000000100000000

Heap:
 PSYoungGen      total 366080K, used 125643K [0x00000000d6b00000, 0x00000000f0880000, 0x0000000100000000)
  eden space 350720K, 35% used [0x00000000d6b00000,0x00000000de5b2ea0,0x00000000ec180000)
  from space 15360K, 0% used [0x00000000ed700000,0x00000000ed700000,0x00000000ee600000)
  to   space 22016K, 0% used [0x00000000ec180000,0x00000000ec180000,0x00000000ed700000)
 ParOldGen       total 123904K, used 36395K [0x0000000084000000, 0x000000008b900000, 0x00000000d6b00000)
  object space 123904K, 29% used [0x0000000084000000,0x000000008638afe8,0x000000008b900000)
 Metaspace       used 62143K, capacity 66056K, committed 66324K, reserved 1105920K
  class space    used 8501K, capacity 9165K, committed 9236K, reserved 1048576K

Card table byte_map: [0x0000000012550000,0x0000000012940000] byte_map_base: 0x0000000012130000

Marking Bits: (ParMarkBitMap*) 0x0000000051695ce0
 Begin Bits: [0x00000000135e0000, 0x00000000154e0000)
 End Bits:   [0x00000000154e0000, 0x00000000173e0000)

Polling page: 0x0000000000e00000

CodeCache: size=245760Kb used=17397Kb max_used=17770Kb free=228362Kb
 bounds [0x0000000003190000, 0x0000000004300000, 0x0000000012190000]
 total_blobs=5531 nmethods=4967 adapters=475
 compilation: enabled

Compilation events (10 events):
Event: 26.440 Thread 0x0000000019c07000 5616       3       org.springframework.beans.PropertyEditorRegistrySupport::setConversionService (6 bytes)
Event: 26.441 Thread 0x0000000019c07000 nmethod 5616 0x0000000003509590 code [0x00000000035096e0, 0x0000000003509850]
Event: 26.445 Thread 0x0000000019c07000 5617   !   3       com.sun.proxy.$Proxy0::annotationType (29 bytes)
Event: 26.446 Thread 0x0000000019c07000 nmethod 5617 0x0000000003554f10 code [0x00000000035550a0, 0x00000000035554d8]
Event: 26.446 Thread 0x0000000019c07000 5618   !   3       com.sun.proxy.$Proxy10::value (29 bytes)
Event: 26.446 Thread 0x0000000019c07000 nmethod 5618 0x0000000003985c50 code [0x0000000003985de0, 0x0000000003986218]
Event: 26.447 Thread 0x0000000019c07000 5619       3       org.springframework.beans.factory.support.AbstractBeanFactory::isTypeMatch (607 bytes)
Event: 26.451 Thread 0x0000000019c07000 nmethod 5619 0x0000000003dbac50 code [0x0000000003dbb1a0, 0x0000000003dbfc38]
Event: 26.452 Thread 0x0000000019c07000 5620       3       java.lang.invoke.MemberName::isProtected (8 bytes)
Event: 26.452 Thread 0x0000000019c07000 nmethod 5620 0x000000000335d4d0 code [0x000000000335d640, 0x000000000335d850]

GC Heap History (10 events):
Event: 1.753 GC heap before
{Heap before GC invocations=7 (full 1):
 PSYoungGen      total 132096K, used 126976K [0x00000000d6b00000, 0x00000000e7800000, 0x0000000100000000)
  eden space 126976K, 100% used [0x00000000d6b00000,0x00000000de700000,0x00000000de700000)
  from space 5120K, 0% used [0x00000000de700000,0x00000000de700000,0x00000000dec00000)
  to   space 10752K, 0% used [0x00000000e6d80000,0x00000000e6d80000,0x00000000e7800000)
 ParOldGen       total 51200K, used 5842K [0x0000000084000000, 0x0000000087200000, 0x00000000d6b00000)
  object space 51200K, 11% used [0x0000000084000000,0x00000000845b4888,0x0000000087200000)
 Metaspace       used 26740K, capacity 28166K, committed 28416K, reserved 1073152K
  class space    used 3459K, capacity 3741K, committed 3840K, reserved 1048576K
Event: 1.762 GC heap after
Heap after GC invocations=7 (full 1):
 PSYoungGen      total 225792K, used 10734K [0x00000000d6b00000, 0x00000000e7800000, 0x0000000100000000)
  eden space 215040K, 0% used [0x00000000d6b00000,0x00000000d6b00000,0x00000000e3d00000)
  from space 10752K, 99% used [0x00000000e6d80000,0x00000000e77fb8c8,0x00000000e7800000)
  to   space 13312K, 0% used [0x00000000e5e00000,0x00000000e5e00000,0x00000000e6b00000)
 ParOldGen       total 51200K, used 6199K [0x0000000084000000, 0x0000000087200000, 0x00000000d6b00000)
  object space 51200K, 12% used [0x0000000084000000,0x000000008460dcb8,0x0000000087200000)
 Metaspace       used 26740K, capacity 28166K, committed 28416K, reserved 1073152K
  class space    used 3459K, capacity 3741K, committed 3840K, reserved 1048576K
}
Event: 2.365 GC heap before
{Heap before GC invocations=8 (full 1):
 PSYoungGen      total 225792K, used 166345K [0x00000000d6b00000, 0x00000000e7800000, 0x0000000100000000)
  eden space 215040K, 72% used [0x00000000d6b00000,0x00000000e02f6ef0,0x00000000e3d00000)
  from space 10752K, 99% used [0x00000000e6d80000,0x00000000e77fb8c8,0x00000000e7800000)
  to   space 13312K, 0% used [0x00000000e5e00000,0x00000000e5e00000,0x00000000e6b00000)
 ParOldGen       total 51200K, used 6199K [0x0000000084000000, 0x0000000087200000, 0x00000000d6b00000)
  object space 51200K, 12% used [0x0000000084000000,0x000000008460dcb8,0x0000000087200000)
 Metaspace       used 33239K, capacity 35382K, committed 35416K, reserved 1079296K
  class space    used 4323K, capacity 4705K, committed 4736K, reserved 1048576K
Event: 2.375 GC heap after
Heap after GC invocations=8 (full 1):
 PSYoungGen      total 262144K, used 13183K [0x00000000d6b00000, 0x00000000ee600000, 0x0000000100000000)
  eden space 248832K, 0% used [0x00000000d6b00000,0x00000000d6b00000,0x00000000e5e00000)
  from space 13312K, 99% used [0x00000000e5e00000,0x00000000e6adfe48,0x00000000e6b00000)
  to   space 15360K, 0% used [0x00000000ed700000,0x00000000ed700000,0x00000000ee600000)
 ParOldGen       total 51200K, used 6207K [0x0000000084000000, 0x0000000087200000, 0x00000000d6b00000)
  object space 51200K, 12% used [0x0000000084000000,0x000000008460fcb8,0x0000000087200000)
 Metaspace       used 33239K, capacity 35382K, committed 35416K, reserved 1079296K
  class space    used 4323K, capacity 4705K, committed 4736K, reserved 1048576K
}
Event: 2.375 GC heap before
{Heap before GC invocations=9 (full 2):
 PSYoungGen      total 262144K, used 13183K [0x00000000d6b00000, 0x00000000ee600000, 0x0000000100000000)
  eden space 248832K, 0% used [0x00000000d6b00000,0x00000000d6b00000,0x00000000e5e00000)
  from space 13312K, 99% used [0x00000000e5e00000,0x00000000e6adfe48,0x00000000e6b00000)
  to   space 15360K, 0% used [0x00000000ed700000,0x00000000ed700000,0x00000000ee600000)
 ParOldGen       total 51200K, used 6207K [0x0000000084000000, 0x0000000087200000, 0x00000000d6b00000)
  object space 51200K, 12% used [0x0000000084000000,0x000000008460fcb8,0x0000000087200000)
 Metaspace       used 33239K, capacity 35382K, committed 35416K, reserved 1079296K
  class space    used 4323K, capacity 4705K, committed 4736K, reserved 1048576K
Event: 2.420 GC heap after
Heap after GC invocations=9 (full 2):
 PSYoungGen      total 262144K, used 0K [0x00000000d6b00000, 0x00000000ee600000, 0x0000000100000000)
  eden space 248832K, 0% used [0x00000000d6b00000,0x00000000d6b00000,0x00000000e5e00000)
  from space 13312K, 0% used [0x00000000e5e00000,0x00000000e5e00000,0x00000000e6b00000)
  to   space 15360K, 0% used [0x00000000ed700000,0x00000000ed700000,0x00000000ee600000)
 ParOldGen       total 79872K, used 16984K [0x0000000084000000, 0x0000000088e00000, 0x00000000d6b00000)
  object space 79872K, 21% used [0x0000000084000000,0x0000000085096378,0x0000000088e00000)
 Metaspace       used 33239K, capacity 35382K, committed 35416K, reserved 1079296K
  class space    used 4323K, capacity 4705K, committed 4736K, reserved 1048576K
}
Event: 4.076 GC heap before
{Heap before GC invocations=10 (full 2):
 PSYoungGen      total 262144K, used 248832K [0x00000000d6b00000, 0x00000000ee600000, 0x0000000100000000)
  eden space 248832K, 100% used [0x00000000d6b00000,0x00000000e5e00000,0x00000000e5e00000)
  from space 13312K, 0% used [0x00000000e5e00000,0x00000000e5e00000,0x00000000e6b00000)
  to   space 15360K, 0% used [0x00000000ed700000,0x00000000ed700000,0x00000000ee600000)
 ParOldGen       total 79872K, used 16984K [0x0000000084000000, 0x0000000088e00000, 0x00000000d6b00000)
  object space 79872K, 21% used [0x0000000084000000,0x0000000085096378,0x0000000088e00000)
 Metaspace       used 55628K, capacity 58800K, committed 59028K, reserved 1099776K
  class space    used 7512K, capacity 8065K, committed 8084K, reserved 1048576K
Event: 4.098 GC heap after
Heap after GC invocations=10 (full 2):
 PSYoungGen      total 366080K, used 15330K [0x00000000d6b00000, 0x00000000f0880000, 0x0000000100000000)
  eden space 350720K, 0% used [0x00000000d6b00000,0x00000000d6b00000,0x00000000ec180000)
  from space 15360K, 99% used [0x00000000ed700000,0x00000000ee5f8930,0x00000000ee600000)
  to   space 22016K, 0% used [0x00000000ec180000,0x00000000ec180000,0x00000000ed700000)
 ParOldGen       total 79872K, used 26700K [0x0000000084000000, 0x0000000088e00000, 0x00000000d6b00000)
  object space 79872K, 33% used [0x0000000084000000,0x0000000085a13348,0x0000000088e00000)
 Metaspace       used 55628K, capacity 58800K, committed 59028K, reserved 1099776K
  class space    used 7512K, capacity 8065K, committed 8084K, reserved 1048576K
}
Event: 4.098 GC heap before
{Heap before GC invocations=11 (full 3):
 PSYoungGen      total 366080K, used 15330K [0x00000000d6b00000, 0x00000000f0880000, 0x0000000100000000)
  eden space 350720K, 0% used [0x00000000d6b00000,0x00000000d6b00000,0x00000000ec180000)
  from space 15360K, 99% used [0x00000000ed700000,0x00000000ee5f8930,0x00000000ee600000)
  to   space 22016K, 0% used [0x00000000ec180000,0x00000000ec180000,0x00000000ed700000)
 ParOldGen       total 79872K, used 26700K [0x0000000084000000, 0x0000000088e00000, 0x00000000d6b00000)
  object space 79872K, 33% used [0x0000000084000000,0x0000000085a13348,0x0000000088e00000)
 Metaspace       used 55628K, capacity 58800K, committed 59028K, reserved 1099776K
  class space    used 7512K, capacity 8065K, committed 8084K, reserved 1048576K
Event: 4.214 GC heap after
Heap after GC invocations=11 (full 3):
 PSYoungGen      total 366080K, used 0K [0x00000000d6b00000, 0x00000000f0880000, 0x0000000100000000)
  eden space 350720K, 0% used [0x00000000d6b00000,0x00000000d6b00000,0x00000000ec180000)
  from space 15360K, 0% used [0x00000000ed700000,0x00000000ed700000,0x00000000ee600000)
  to   space 22016K, 0% used [0x00000000ec180000,0x00000000ec180000,0x00000000ed700000)
 ParOldGen       total 123904K, used 36395K [0x0000000084000000, 0x000000008b900000, 0x00000000d6b00000)
  object space 123904K, 29% used [0x0000000084000000,0x000000008638afe8,0x000000008b900000)
 Metaspace       used 55628K, capacity 58800K, committed 59028K, reserved 1099776K
  class space    used 7512K, capacity 8065K, committed 8084K, reserved 1048576K
}

Deoptimization events (10 events):
Event: 4.639 Thread 0x000000001c82f000 Uncommon trap: reason=class_check action=maybe_recompile pc=0x000000000356ef84 method=org.springframework.boot.context.properties.source.ConfigurationPropertyName$Elements.charAt(II)C @ 43
Event: 4.661 Thread 0x000000001c82f000 Uncommon trap: reason=unstable_if action=reinterpret pc=0x00000000041f2d50 method=java.util.concurrent.ConcurrentHashMap.get(Ljava/lang/Object;)Ljava/lang/Object; @ 99
Event: 4.733 Thread 0x000000001c82f000 Uncommon trap: reason=null_check action=make_not_entrant pc=0x00000000039669d8 method=org.springframework.util.ClassUtils.isAssignable(Ljava/lang/Class;Ljava/lang/Class;)Z @ 14
Event: 4.781 Thread 0x000000001c82f000 Uncommon trap: reason=unstable_if action=reinterpret pc=0x0000000004236b40 method=org.springframework.beans.factory.support.AbstractBeanFactory.isTypeMatch(Ljava/lang/String;Lorg/springframework/core/ResolvableType;Z)Z @ 34
Event: 4.808 Thread 0x000000001c82f000 Uncommon trap: reason=class_check action=maybe_recompile pc=0x000000000405b214 method=org.springframework.util.ConcurrentReferenceHashMap$ReferenceManager.pollForPurge()Lorg/springframework/util/ConcurrentReferenceHashMap$Reference; @ 7
Event: 4.808 Thread 0x000000001c82f000 Uncommon trap: reason=class_check action=maybe_recompile pc=0x000000000405b214 method=org.springframework.util.ConcurrentReferenceHashMap$ReferenceManager.pollForPurge()Lorg/springframework/util/ConcurrentReferenceHashMap$Reference; @ 7
Event: 4.808 Thread 0x000000001c82f000 Uncommon trap: reason=class_check action=maybe_recompile pc=0x000000000405b214 method=org.springframework.util.ConcurrentReferenceHashMap$ReferenceManager.pollForPurge()Lorg/springframework/util/ConcurrentReferenceHashMap$Reference; @ 7
Event: 4.808 Thread 0x000000001c82f000 Uncommon trap: reason=class_check action=maybe_recompile pc=0x000000000405b214 method=org.springframework.util.ConcurrentReferenceHashMap$ReferenceManager.pollForPurge()Lorg/springframework/util/ConcurrentReferenceHashMap$Reference; @ 7
Event: 26.391 Thread 0x000000001f4ec800 Uncommon trap: reason=unstable_if action=reinterpret pc=0x0000000003e3943c method=org.springframework.util.AntPathMatcher.skipSegment(Ljava/lang/String;ILjava/lang/String;)I @ 60
Event: 26.435 Thread 0x000000001f4ec800 Uncommon trap: reason=bimorphic action=maybe_recompile pc=0x00000000042f6f28 method=java.util.concurrent.ConcurrentHashMap.putVal(Ljava/lang/Object;Ljava/lang/Object;Z)Ljava/lang/Object; @ 192

Classes redefined (0 events):
No events

Internal exceptions (10 events):
Event: 4.355 Thread 0x000000001c82f000 Exception <a 'java/lang/ClassNotFoundException': java/lang/ObjectCustomizer> (0x00000000d878e7b8) thrown at [C:\re\workspace\8-2-build-windows-amd64-cygwin\jdk8u221\13320\hotspot\src\share\vm\classfile\systemDictionary.cpp, line 210]
Event: 4.355 Thread 0x000000001c82f000 Exception <a 'java/lang/ClassNotFoundException': org/springframework/security/config/annotation/web/configuration/HttpSecurityConfigurationCustomizer> (0x00000000d87b6a00) thrown at [C:\re\workspace\8-2-build-windows-amd64-cygwin\jdk8u221\13320\hotspot\sr
Event: 4.356 Thread 0x000000001c82f000 Exception <a 'java/lang/NoSuchMethodError': java.lang.Object.lambda$byAnnotation$0(Lorg/springframework/core/annotation/MergedAnnotations$SearchStrategy;Ljava/lang/Class;Ljava/lang/Class;)Z> (0x00000000d87c5410) thrown at [C:\re\workspace\8-2-build-window
Event: 4.570 Thread 0x000000001c82f000 Exception <a 'java/lang/IncompatibleClassChangeError': Found class java.lang.Object, but interface was expected> (0x00000000da126378) thrown at [C:\re\workspace\8-2-build-windows-amd64-cygwin\jdk8u221\13320\hotspot\src\share\vm\interpreter\linkResolver.cp
Event: 4.601 Thread 0x000000001c82f000 Implicit null exception at 0x0000000003c04427 to 0x0000000003c048db
Event: 4.661 Thread 0x000000001c82f000 Implicit null exception at 0x00000000041ef28c to 0x00000000041f2d39
Event: 4.695 Thread 0x000000001c82f000 Exception <a 'java/lang/NoSuchMethodError': java.lang.Object.configuredInstance(Lorg/springframework/data/convert/ValueConverterRegistry;)Lorg/springframework/data/convert/PropertyValueConverterFactory;> (0x00000000daf5a7f8) thrown at [C:\re\workspace\8-2
Event: 4.697 Thread 0x000000001c82f000 Exception <a 'java/lang/IncompatibleClassChangeError': Found class java.lang.Object, but interface was expected> (0x00000000daf92b50) thrown at [C:\re\workspace\8-2-build-windows-amd64-cygwin\jdk8u221\13320\hotspot\src\share\vm\interpreter\linkResolver.cp
Event: 4.707 Thread 0x000000001c82f000 Exception <a 'java/lang/IncompatibleClassChangeError': Found class java.lang.Object, but interface was expected> (0x00000000db096a80) thrown at [C:\re\workspace\8-2-build-windows-amd64-cygwin\jdk8u221\13320\hotspot\src\share\vm\interpreter\linkResolver.cp
Event: 26.460 Thread 0x000000001f4ec800 Exception <a 'java/net/SocketTimeoutException': Read timed out> (0x00000000de4c2eb0) thrown at [C:\re\workspace\8-2-build-windows-amd64-cygwin\jdk8u221\13320\hotspot\src\share\vm\prims\jni.cpp, line 736]

Events (10 events):
Event: 26.453 Thread 0x0000000019c07000 flushing nmethod 0x0000000003ce71d0
Event: 26.453 Thread 0x0000000019c07000 flushing nmethod 0x0000000003ce7c50
Event: 26.453 Thread 0x0000000019c07000 flushing nmethod 0x0000000003ceb610
Event: 26.453 Thread 0x0000000019c07000 flushing nmethod 0x0000000003d10d50
Event: 26.453 Executing VM operation: RevokeBias
Event: 26.454 Executing VM operation: RevokeBias done
Event: 26.460 loading class sun/net/ConnectionResetException
Event: 26.460 loading class sun/net/ConnectionResetException done
Event: 26.460 loading class javax/net/ssl/SSLProtocolException
Event: 26.460 loading class javax/net/ssl/SSLProtocolException done


Dynamic libraries:
0x00007ff652f40000 - 0x00007ff652f77000 	C:\Program Files\Java\jdk1.8.0_221\bin\java.exe
0x00007ff8ddc90000 - 0x00007ff8dde88000 	C:\Windows\SYSTEM32\ntdll.dll
0x00007ff8dc390000 - 0x00007ff8dc44f000 	C:\Windows\System32\KERNEL32.DLL
0x00007ff8db690000 - 0x00007ff8db986000 	C:\Windows\System32\KERNELBASE.dll
0x00007ff8dcba0000 - 0x00007ff8dcc4f000 	C:\Windows\System32\ADVAPI32.dll
0x00007ff8dd870000 - 0x00007ff8dd90e000 	C:\Windows\System32\msvcrt.dll
0x00007ff8ddb70000 - 0x00007ff8ddc0c000 	C:\Windows\System32\sechost.dll
0x00007ff8dd910000 - 0x00007ff8dda36000 	C:\Windows\System32\RPCRT4.dll
0x00007ff8dcd80000 - 0x00007ff8dcf1d000 	C:\Windows\System32\USER32.dll
0x00007ff8dbbd0000 - 0x00007ff8dbbf2000 	C:\Windows\System32\win32u.dll
0x00007ff8ddc20000 - 0x00007ff8ddc4c000 	C:\Windows\System32\GDI32.dll
0x00007ff8db370000 - 0x00007ff8db485000 	C:\Windows\System32\gdi32full.dll
0x00007ff8dbc50000 - 0x00007ff8dbced000 	C:\Windows\System32\msvcp_win.dll
0x00007ff8dbad0000 - 0x00007ff8dbbd0000 	C:\Windows\System32\ucrtbase.dll
0x00007ff8c3440000 - 0x00007ff8c36da000 	C:\Windows\WinSxS\amd64_microsoft.windows.common-controls_6595b64144ccf1df_6.0.19041.1110_none_60b5254171f9507e\COMCTL32.dll
0x00007ff8dbe90000 - 0x00007ff8dbec0000 	C:\Windows\System32\IMM32.DLL
0x0000000051720000 - 0x00000000517f2000 	C:\Program Files\Java\jdk1.8.0_221\jre\bin\msvcr100.dll
0x0000000050e70000 - 0x0000000051715000 	C:\Program Files\Java\jdk1.8.0_221\jre\bin\server\jvm.dll
0x00007ff8ddc10000 - 0x00007ff8ddc18000 	C:\Windows\System32\PSAPI.DLL
0x00007ff8d5b90000 - 0x00007ff8d5b99000 	C:\Windows\SYSTEM32\WSOCK32.dll
0x00007ff8dcd00000 - 0x00007ff8dcd6b000 	C:\Windows\System32\WS2_32.dll
0x00007ff8c5450000 - 0x00007ff8c5477000 	C:\Windows\SYSTEM32\WINMM.dll
0x00007ff8d2170000 - 0x00007ff8d217a000 	C:\Windows\SYSTEM32\VERSION.dll
0x00007ff8cdf10000 - 0x00007ff8cdf1f000 	C:\Program Files\Java\jdk1.8.0_221\jre\bin\verify.dll
0x00007ff8c0ed0000 - 0x00007ff8c0ef9000 	C:\Program Files\Java\jdk1.8.0_221\jre\bin\java.dll
0x00007ff8ace20000 - 0x00007ff8ace43000 	C:\Program Files\Java\jdk1.8.0_221\jre\bin\instrument.dll
0x00007ff8bf1b0000 - 0x00007ff8bf1c6000 	C:\Program Files\Java\jdk1.8.0_221\jre\bin\zip.dll
0x00007ff8dc450000 - 0x00007ff8dcb94000 	C:\Windows\System32\SHELL32.dll
0x00007ff8d93f0000 - 0x00007ff8d9b83000 	C:\Windows\SYSTEM32\windows.storage.dll
0x00007ff8dcf20000 - 0x00007ff8dd274000 	C:\Windows\System32\combase.dll
0x00007ff8dadb0000 - 0x00007ff8dadde000 	C:\Windows\SYSTEM32\Wldp.dll
0x00007ff8dbf40000 - 0x00007ff8dbfed000 	C:\Windows\System32\SHCORE.dll
0x00007ff8dd2e0000 - 0x00007ff8dd335000 	C:\Windows\System32\shlwapi.dll
0x00007ff8db2a0000 - 0x00007ff8db2c5000 	C:\Windows\SYSTEM32\profapi.dll
0x00007ff8ac440000 - 0x00007ff8ac45a000 	C:\Program Files\JetBrains\IntelliJ IDEA 2021.1.3\bin\breakgen64.dll
0x00007ff8ace00000 - 0x00007ff8ace1a000 	C:\Program Files\Java\jdk1.8.0_221\jre\bin\net.dll
0x00007ff8c6130000 - 0x00007ff8c631d000 	C:\Windows\SYSTEM32\urlmon.dll
0x00007ff8c6b20000 - 0x00007ff8c6ddc000 	C:\Windows\SYSTEM32\iertutil.dll
0x00007ff8c6100000 - 0x00007ff8c6129000 	C:\Windows\SYSTEM32\srvcli.dll
0x00007ff8da8c0000 - 0x00007ff8da8cc000 	C:\Windows\SYSTEM32\netutils.dll
0x00007ff8dab10000 - 0x00007ff8dab7a000 	C:\Windows\system32\mswsock.dll
0x00007ff8c0f40000 - 0x00007ff8c0f4d000 	C:\Program Files\Java\jdk1.8.0_221\jre\bin\management.dll
0x00007ff8b2ec0000 - 0x00007ff8b2ed7000 	C:\Windows\system32\napinsp.dll
0x00007ff8b2470000 - 0x00007ff8b248b000 	C:\Windows\system32\pnrpnsp.dll
0x00007ff8b1300000 - 0x00007ff8b1315000 	C:\Windows\system32\wshbth.dll
0x00007ff8d5350000 - 0x00007ff8d536d000 	C:\Windows\system32\NLAapi.dll
0x00007ff8da7b0000 - 0x00007ff8da7eb000 	C:\Windows\SYSTEM32\IPHLPAPI.DLL
0x00007ff8da7f0000 - 0x00007ff8da8ba000 	C:\Windows\SYSTEM32\DNSAPI.dll
0x00007ff8dcd70000 - 0x00007ff8dcd78000 	C:\Windows\System32\NSI.dll
0x00007ff8b08e0000 - 0x00007ff8b08f2000 	C:\Windows\System32\winrnr.dll
0x00007ff8d29e0000 - 0x00007ff8d29ea000 	C:\Windows\System32\rasadhlp.dll
0x00007ff8d2640000 - 0x00007ff8d26c2000 	C:\Windows\System32\fwpuclnt.dll
0x00007ff8db490000 - 0x00007ff8db4b7000 	C:\Windows\System32\bcrypt.dll
0x00007ff8acbb0000 - 0x00007ff8acbc2000 	C:\Program Files\Java\jdk1.8.0_221\jre\bin\nio.dll
0x00007ff8dad10000 - 0x00007ff8dad28000 	C:\Windows\SYSTEM32\CRYPTSP.dll
0x00007ff8da3b0000 - 0x00007ff8da3e4000 	C:\Windows\system32\rsaenh.dll
0x00007ff8db260000 - 0x00007ff8db28e000 	C:\Windows\SYSTEM32\USERENV.dll
0x00007ff8db990000 - 0x00007ff8dba12000 	C:\Windows\System32\bcryptprimitives.dll
0x00007ff8dad00000 - 0x00007ff8dad0c000 	C:\Windows\SYSTEM32\CRYPTBASE.dll
0x00007ff8d2d00000 - 0x00007ff8d2d17000 	C:\Windows\SYSTEM32\dhcpcsvc6.DLL
0x00007ff8d2c20000 - 0x00007ff8d2c3d000 	C:\Windows\SYSTEM32\dhcpcsvc.DLL
0x00007ff8ab860000 - 0x00007ff8ab884000 	C:\Program Files\Java\jdk1.8.0_221\jre\bin\sunec.dll
0x00007ff8c0e60000 - 0x00007ff8c0e6b000 	C:\Program Files\Java\jdk1.8.0_221\jre\bin\sunmscapi.dll
0x00007ff8db530000 - 0x00007ff8db68e000 	C:\Windows\System32\CRYPT32.dll

VM Arguments:
jvm_args: -javaagent:C:\Program Files\JetBrains\IntelliJ IDEA 2021.1.3\lib\idea_rt.jar=57053:C:\Program Files\JetBrains\IntelliJ IDEA 2021.1.3\bin -Dfile.encoding=UTF-8 
java_command: com.ps20520.Ps20520NguyenthanhhaasmJav6Application
java_class_path (initial): C:\Program Files\Java\jdk1.8.0_221\jre\lib\charsets.jar;C:\Program Files\Java\jdk1.8.0_221\jre\lib\deploy.jar;C:\Program Files\Java\jdk1.8.0_221\jre\lib\ext\access-bridge-64.jar;C:\Program Files\Java\jdk1.8.0_221\jre\lib\ext\cldrdata.jar;C:\Program Files\Java\jdk1.8.0_221\jre\lib\ext\dnsns.jar;C:\Program Files\Java\jdk1.8.0_221\jre\lib\ext\jaccess.jar;C:\Program Files\Java\jdk1.8.0_221\jre\lib\ext\jfxrt.jar;C:\Program Files\Java\jdk1.8.0_221\jre\lib\ext\localedata.jar;C:\Program Files\Java\jdk1.8.0_221\jre\lib\ext\nashorn.jar;C:\Program Files\Java\jdk1.8.0_221\jre\lib\ext\sunec.jar;C:\Program Files\Java\jdk1.8.0_221\jre\lib\ext\sunjce_provider.jar;C:\Program Files\Java\jdk1.8.0_221\jre\lib\ext\sunmscapi.jar;C:\Program Files\Java\jdk1.8.0_221\jre\lib\ext\sunpkcs11.jar;C:\Program Files\Java\jdk1.8.0_221\jre\lib\ext\zipfs.jar;C:\Program Files\Java\jdk1.8.0_221\jre\lib\javaws.jar;C:\Program Files\Java\jdk1.8.0_221\jre\lib\jce.jar;C:\Program Files\Java\jdk1.8.0_221\jre\lib\jfr.jar;C:\Program Files\Java\jdk1.8.0_221\jre\lib\jfxswt.jar;C:\Program Files\Java\jdk1.8.0_221\jre\lib\jsse.jar;C:\Program Files\Java\jdk1.8.0_221\jre\lib\management-agent.jar;C:\Program Files\Java\jdk1.8.0_221\jre\lib\plugin.jar;C:\Program Files\Java\jdk1.8.0_221\jre\lib\resources.jar;C:\Program Files\Java\jdk1.8.0_221\jre\lib\rt.jar;D:\FPT Polytechnic\Summer23\Java6\PS20520_NGUYENTHANHHA_asm_java6\target\classes;C:\Users\Admin\.m2\repository\org\springframework\boot\spring-boot-starter-data-jdbc\2.7.14\spring-boot-starter-data-jdbc-2.7.14.jar;C:\Users\Admin\.m2\repository\org\springframework\boot\spring-boot-starter-jdbc\2.7.14\spring-boot-starter-jdbc-2.7.14.jar;C:\Users\Admin\.m2\repository\com\zaxxer\HikariCP\4.0.3\HikariCP-4.0.3.jar;C:\Users\Admin\.m2\repository\org\springframework\spring-jdbc\5.3.29\spring-jdbc-5.3.29.jar;C:\Users\Admin\.m2\repository\org\springframework\data\spring-data-jdbc\2.4.14\spring-data-jdbc-2.4.14.jar;C:\Users\Admin\.m2\repository\org\spri
Launcher Type: SUN_STANDARD

Environment Variables:
JAVA_HOME=C:\Program Files\Java\jdk1.8.0_221
CLASSPATH=%CLASSPATH%;%JUNIT_HOME%\junit-4.12.jar;.;;D:\junit-4.12.jar\junit-4.12.jar;.;;D:\junit-4.12.jar\junit-4.12.jar;.;
PATH=C:\Program Files (x86)\Common Files\Oracle\Java\javapath;C:\Program Files\Common Files\Oracle\Java\javapath;C:\Windows\system32;C:\Windows;C:\Windows\System32\Wbem;C:\Windows\System32\WindowsPowerShell\v1.0\;C:\Windows\System32\OpenSSH\;C:\Program Files (x86)\mingw-w64\i686-8.1.0-posix-dwarf-rt_v6-rev0\mingw32\bin;C:\Program Files\Microsoft SQL Server\150\Tools\Binn\;C:\User\Admin\Downloads\cmder2\bin;C:\Program Files\Git\cmd;C:\Program Files\Java\jdk-11.0.13\bin;C:\Program Files\nodejs\;C:\Program Files\Microsoft SQL Server\Client SDK\ODBC\170\Tools\Binn\;C:\Program Files (x86)\Microsoft SQL Server\150\Tools\Binn\;C:\Program Files\Microsoft SQL Server\150\DTS\Binn\;C:\Program Files (x86)\Microsoft SQL Server\150\DTS\Binn\;C:\Program Files\Azure Data Studio\bin;C:\Program Files\Java\jdk-18.0.1;C:\Program Files\dotnet\;C:\Program Files\Java\jdk-16.0.2;C:\Program Files\Java\jdk-11.0.13;C:\Program Files\MySQL\MySQL Shell 8.0\bin\;C:\Users\Admin\AppData\Local\Microsoft\WindowsApps;C:\Users\Admin\AppData\Local\GitHubDesktop\bin;C:\Users\Admin\AppData\Roaming\npm;C:\Program Files\Azure Data Studio\bin;C:\Program Files\JetBrains\IntelliJ IDEA 2021.1.3\bin;
USERNAME=Admin
OS=Windows_NT
PROCESSOR_IDENTIFIER=Intel64 Family 6 Model 141 Stepping 1, GenuineIntel



---------------  S Y S T E M  ---------------

OS: Windows 10.0 , 64 bit Build 19041 (10.0.19041.3155)

CPU:total 12 (initial active 12) (6 cores per cpu, 2 threads per core) family 6 model 141 stepping 1, cmov, cx8, fxsr, mmx, sse, sse2, sse3, ssse3, sse4.1, sse4.2, popcnt, avx, avx2, aes, clmul, erms, 3dnowpref, lzcnt, ht, tsc, tscinvbit, bmi1, bmi2, adx

Memory: 4k page, physical 8121180k(3875308k free), swap 15461212k(27640k free)

vm_info: Java HotSpot(TM) 64-Bit Server VM (25.221-b11) for windows-amd64 JRE (1.8.0_221-b11), built on Jul  4 2019 04:39:29 by "java_re" with MS VC++ 10.0 (VS2010)

time: Mon Aug 14 01:25:25 2023
timezone: SE Asia Standard Time
elapsed time: 26 seconds (0d 0h 0m 26s)

